<?xml version="1.0" encoding="UTF-8"?>
<!-- Generated by org.testng.reporters.JUnitReportReporter -->
<testsuite hostname="DESKTOP-T8RS04J" failures="0" tests="2" name="TestRunner.Run" time="44.126" errors="0" timestamp="2023-06-22T01:56:35 IST" skipped="0">
  <testcase classname="TestRunner.Run" name="runScenario" time="22.391"/>
  <system-out/>
  <testcase classname="TestRunner.Run" name="runScenario" time="21.735"/>
  <system-out/>
</testsuite> <!-- TestRunner.Run -->
